[00:36:02] [main/INFO]: Environment: authHost='https://authserver.mojang.com', accountsHost='https://api.mojang.com', sessionHost='https://sessionserver.mojang.com', servicesHost='https://api.minecraftservices.com', name='PROD'
[00:36:03] [main/WARN]: Ambiguity between arguments [teleport, destination] and [teleport, targets] with inputs: [Player, 0123, @e, dd12be42-52a9-4a91-a8a1-11c01849e498]
[00:36:03] [main/WARN]: Ambiguity between arguments [teleport, location] and [teleport, destination] with inputs: [0.1 -0.5 .9, 0 0 0]
[00:36:03] [main/WARN]: Ambiguity between arguments [teleport, location] and [teleport, targets] with inputs: [0.1 -0.5 .9, 0 0 0]
[00:36:03] [main/WARN]: Ambiguity between arguments [teleport, targets] and [teleport, destination] with inputs: [Player, 0123, dd12be42-52a9-4a91-a8a1-11c01849e498]
[00:36:03] [main/WARN]: Ambiguity between arguments [teleport, targets, location] and [teleport, targets, destination] with inputs: [0.1 -0.5 .9, 0 0 0]
[00:36:03] [main/INFO]: Reloading ResourceManager: Default
[00:36:05] [Worker-Main-2/INFO]: Loaded 7 recipes
[00:36:05] [Worker-Main-2/INFO]: Loaded 927 advancements
[00:36:07] [Server thread/INFO]: Starting minecraft server version 1.16.5
[00:36:07] [Server thread/INFO]: Loading properties
[00:36:07] [Server thread/INFO]: Default game type: SURVIVAL
[00:36:07] [Server thread/INFO]: Generating keypair
[00:36:08] [Server thread/INFO]: Starting Minecraft server on *:25565
[00:36:08] [Server thread/INFO]: Using epoll channel type
[00:36:08] [Server thread/WARN]: **** SERVER IS RUNNING IN OFFLINE/INSECURE MODE!
[00:36:08] [Server thread/WARN]: The server will make no attempt to authenticate usernames. Beware.
[00:36:08] [Server thread/WARN]: While this makes the game possible to play without internet access, it also opens up the ability for hackers to connect with any username they choose.
[00:36:08] [Server thread/WARN]: To change this, set "online-mode" to "true" in the server.properties file.
[00:36:08] [Server thread/INFO]: Preparing level "world"
[00:36:16] [Server thread/INFO]: Preparing start region for dimension minecraft:overworld
[00:36:16] [Worker-Main-2/INFO]: Preparing spawn area: 0%
[00:36:16] [Worker-Main-2/INFO]: Preparing spawn area: 0%
[00:36:17] [Worker-Main-2/INFO]: Preparing spawn area: 0%
[00:36:17] [Worker-Main-2/INFO]: Preparing spawn area: 0%
[00:36:18] [Worker-Main-2/INFO]: Preparing spawn area: 1%
[00:36:18] [Worker-Main-2/INFO]: Preparing spawn area: 1%
[00:36:19] [Worker-Main-2/INFO]: Preparing spawn area: 1%
[00:36:19] [Worker-Main-2/INFO]: Preparing spawn area: 2%
[00:36:20] [Worker-Main-2/INFO]: Preparing spawn area: 3%
[00:36:20] [Worker-Main-2/INFO]: Preparing spawn area: 4%
[00:36:21] [Worker-Main-2/INFO]: Preparing spawn area: 5%
[00:36:21] [Worker-Main-2/INFO]: Preparing spawn area: 6%
[00:36:22] [Worker-Main-2/INFO]: Preparing spawn area: 7%
[00:36:22] [Worker-Main-2/INFO]: Preparing spawn area: 9%
[00:36:23] [Worker-Main-2/INFO]: Preparing spawn area: 9%
[00:36:23] [Worker-Main-2/INFO]: Preparing spawn area: 10%
[00:36:24] [Worker-Main-2/INFO]: Preparing spawn area: 12%
[00:36:24] [Worker-Main-2/INFO]: Preparing spawn area: 13%
[00:36:25] [Worker-Main-2/INFO]: Preparing spawn area: 13%
[00:36:25] [Worker-Main-2/INFO]: Preparing spawn area: 15%
[00:36:26] [Worker-Main-2/INFO]: Preparing spawn area: 16%
[00:36:26] [Worker-Main-2/INFO]: Preparing spawn area: 18%
[00:36:27] [Worker-Main-2/INFO]: Preparing spawn area: 19%
[00:36:27] [Worker-Main-2/INFO]: Preparing spawn area: 22%
[00:36:28] [Worker-Main-2/INFO]: Preparing spawn area: 23%
[00:36:28] [Worker-Main-2/INFO]: Preparing spawn area: 23%
[00:36:29] [Worker-Main-2/INFO]: Preparing spawn area: 24%
[00:36:29] [Worker-Main-2/INFO]: Preparing spawn area: 26%
[00:36:30] [Worker-Main-2/INFO]: Preparing spawn area: 27%
[00:36:30] [Worker-Main-2/INFO]: Preparing spawn area: 27%
[00:36:31] [Worker-Main-2/INFO]: Preparing spawn area: 31%
[00:36:31] [Worker-Main-2/INFO]: Preparing spawn area: 31%
[00:36:32] [Worker-Main-2/INFO]: Preparing spawn area: 31%
[00:36:32] [Worker-Main-2/INFO]: Preparing spawn area: 32%
[00:36:33] [Worker-Main-2/INFO]: Preparing spawn area: 33%
[00:36:34] [Worker-Main-2/INFO]: Preparing spawn area: 36%
[00:36:34] [Worker-Main-2/INFO]: Preparing spawn area: 36%
[00:36:34] [Worker-Main-2/INFO]: Preparing spawn area: 37%
[00:36:35] [Worker-Main-2/INFO]: Preparing spawn area: 41%
[00:36:35] [Worker-Main-2/INFO]: Preparing spawn area: 42%
[00:36:36] [Worker-Main-2/INFO]: Preparing spawn area: 42%
[00:36:36] [Worker-Main-2/INFO]: Preparing spawn area: 44%
[00:36:37] [Worker-Main-2/INFO]: Preparing spawn area: 44%
[00:36:37] [Worker-Main-2/INFO]: Preparing spawn area: 47%
[00:36:38] [Worker-Main-2/INFO]: Preparing spawn area: 49%
[00:36:38] [Worker-Main-2/INFO]: Preparing spawn area: 51%
[00:36:39] [Worker-Main-2/INFO]: Preparing spawn area: 51%
[00:36:39] [Worker-Main-2/INFO]: Preparing spawn area: 54%
[00:36:40] [Worker-Main-2/INFO]: Preparing spawn area: 55%
[00:36:40] [Worker-Main-2/INFO]: Preparing spawn area: 55%
[00:36:41] [Worker-Main-2/INFO]: Preparing spawn area: 56%
[00:36:41] [Worker-Main-2/INFO]: Preparing spawn area: 58%
[00:36:42] [Worker-Main-2/INFO]: Preparing spawn area: 59%
[00:36:42] [Worker-Main-2/INFO]: Preparing spawn area: 61%
[00:36:43] [Worker-Main-2/INFO]: Preparing spawn area: 62%
[00:36:43] [Worker-Main-2/INFO]: Preparing spawn area: 65%
[00:36:44] [Worker-Main-2/INFO]: Preparing spawn area: 68%
[00:36:44] [Worker-Main-2/INFO]: Preparing spawn area: 69%
[00:36:45] [Worker-Main-2/INFO]: Preparing spawn area: 70%
[00:36:45] [Worker-Main-2/INFO]: Preparing spawn area: 72%
[00:36:46] [Worker-Main-2/INFO]: Preparing spawn area: 73%
[00:36:46] [Worker-Main-2/INFO]: Preparing spawn area: 75%
[00:36:47] [Worker-Main-2/INFO]: Preparing spawn area: 77%
[00:36:47] [Worker-Main-2/INFO]: Preparing spawn area: 80%
[00:36:48] [Worker-Main-2/INFO]: Preparing spawn area: 83%
[00:36:48] [Worker-Main-2/INFO]: Preparing spawn area: 84%
[00:36:49] [Worker-Main-2/INFO]: Preparing spawn area: 85%
[00:36:49] [Worker-Main-2/INFO]: Preparing spawn area: 88%
[00:36:50] [Worker-Main-2/INFO]: Preparing spawn area: 90%
[00:36:50] [Worker-Main-2/INFO]: Preparing spawn area: 93%
[00:36:51] [Worker-Main-2/INFO]: Preparing spawn area: 94%
[00:36:51] [Worker-Main-2/INFO]: Preparing spawn area: 98%
[00:36:52] [Server thread/INFO]: Time elapsed: 35943 ms
[00:36:52] [Server thread/INFO]: Done (43.573s)! For help, type "help"
[00:42:05] [Server thread/INFO]: Astor_13[/127.102.78.54:59001] logged in with entity id 355 at (-102.5, 69.0, -164.5)
[00:42:05] [Server thread/INFO]: Astor_13 joined the game
[00:42:20] [Server thread/INFO]: Astor_13 lost connection: Timed out
[00:42:20] [Server thread/INFO]: Astor_13 left the game
[00:43:09] [Server thread/INFO]: Astor_13[/127.102.78.54:34675] logged in with entity id 471 at (-102.5, 69.0, -164.5)
[00:43:09] [Server thread/INFO]: Astor_13 joined the game
[00:52:14] [Server thread/INFO]: larii[/127.11.40.241:41797] logged in with entity id 1393 at (-106.5, 69.0, -166.5)
[00:52:14] [Server thread/INFO]: larii joined the game
[00:52:30] [Server thread/INFO]: larii lost connection: Timed out
[00:52:30] [Server thread/INFO]: larii left the game
[00:52:50] [Server thread/INFO]: larii[/127.11.40.241:38285] logged in with entity id 1449 at (-106.5, 69.0, -166.5)
[00:52:50] [Server thread/INFO]: larii joined the game
[00:53:05] [Server thread/INFO]: larii lost connection: Timed out
[00:53:05] [Server thread/INFO]: larii left the game
[00:53:26] [Server thread/INFO]: larii[/127.11.40.241:60429] logged in with entity id 1514 at (-106.5, 69.0, -166.5)
[00:53:26] [Server thread/INFO]: larii joined the game
[00:53:41] [Server thread/INFO]: larii lost connection: Timed out
[00:53:41] [Server thread/INFO]: larii left the game
[00:53:41] [Server thread/WARN]: handleDisconnection() called twice
[00:53:49] [Server thread/INFO]: larii[/127.11.40.241:56687] logged in with entity id 1554 at (-106.5, 69.0, -166.5)
[00:53:49] [Server thread/INFO]: larii joined the game
[00:54:04] [Server thread/INFO]: larii lost connection: Timed out
[00:54:04] [Server thread/INFO]: larii left the game
[00:54:55] [Server thread/INFO]: larii[/127.11.40.241:44335] logged in with entity id 1668 at (-106.5, 69.0, -166.5)
[00:54:55] [Server thread/INFO]: larii joined the game
[00:55:10] [Server thread/INFO]: larii lost connection: Timed out
[00:55:10] [Server thread/INFO]: larii left the game
[00:55:58] [Server thread/INFO]: larii[/127.11.40.241:47285] logged in with entity id 1783 at (-106.5, 69.0, -166.5)
[00:55:58] [Server thread/INFO]: larii joined the game
[00:56:13] [Server thread/INFO]: larii lost connection: Timed out
[00:56:13] [Server thread/INFO]: larii left the game
[00:56:13] [Server thread/WARN]: handleDisconnection() called twice
[00:56:35] [Server thread/INFO]: Astor_13 was slain by Zombie
[00:56:36] [Server thread/INFO]: larii[/127.11.40.241:36477] logged in with entity id 1856 at (-106.5, 69.0, -166.5)
[00:56:36] [Server thread/INFO]: larii joined the game
[00:56:47] [Server thread/INFO]: larii was slain by Zombie
[00:56:51] [Server thread/INFO]: larii lost connection: Timed out
[00:56:51] [Server thread/INFO]: larii left the game
[00:57:01] [Server thread/INFO]: Astor_13 has made the advancement [Monster Hunter]
[00:58:01] [Server thread/INFO]: Astor_13 lost connection: Disconnected
[00:58:01] [Server thread/INFO]: Astor_13 left the game
[00:58:38] [Server thread/INFO]: larii[/127.11.40.241:40489] logged in with entity id 2025 at (-106.5, 69.0, -166.5)
[00:58:38] [Server thread/INFO]: larii joined the game
[00:58:53] [Server thread/INFO]: larii lost connection: Timed out
[00:58:53] [Server thread/INFO]: larii left the game
[01:00:33] [Server thread/INFO]: larii[/127.11.40.241:39157] logged in with entity id 2062 at (-106.5, 69.0, -166.5)
[01:00:33] [Server thread/INFO]: larii joined the game
[01:00:48] [Server thread/INFO]: larii lost connection: Timed out
[01:00:48] [Server thread/INFO]: larii left the game
[01:02:06] [Server thread/INFO]: Astor_13[/127.102.78.54:57859] logged in with entity id 2101 at (-101.66347036642915, 69.0, -164.13199990516802)
[01:02:06] [Server thread/INFO]: Astor_13 joined the game
